SF:lib\app\data\datasources\contato_api.dart
DA:26,2
DA:32,1
DA:33,3
DA:35,2
DA:39,1
DA:40,3
DA:42,2
DA:44,3
DA:48,1
DA:49,3
DA:51,2
DA:53,2
DA:54,4
DA:58,1
DA:59,3
DA:61,2
DA:63,2
DA:64,4
DA:68,2
DA:69,6
DA:71,4
DA:74,5
DA:75,2
DA:76,4
DA:77,2
LF:25
LH:25
end_of_record
SF:lib\app\data\datasources\utils\datasources_api_validation.dart
DA:10,1
DA:12,4
DA:13,0
DA:14,0
DA:17,4
DA:18,0
DA:19,0
LF:7
LH:3
end_of_record
SF:lib\app\data\models\contato_model.g.dart
DA:9,2
DA:10,2
DA:11,2
DA:12,2
DA:13,2
DA:14,2
DA:15,2
DA:16,2
DA:20,2
DA:21,2
DA:22,2
DA:23,2
DA:24,2
DA:25,2
DA:26,2
DA:27,2
LF:16
LH:16
end_of_record
SF:lib\app\data\models\contato_model.dart
DA:9,4
DA:16,4
DA:25,2
DA:26,2
DA:27,4
LF:5
LH:5
end_of_record
SF:lib\core\error\exceptions.dart
DA:4,38
DA:10,19
DA:16,19
LF:3
LH:3
end_of_record
SF:lib\core\network\http_adapter.dart
DA:12,1
DA:18,1
DA:19,7
DA:23,1
DA:24,7
DA:28,1
DA:29,1
DA:30,6
DA:34,1
DA:35,7
DA:39,1
DA:40,1
DA:41,1
DA:42,3
DA:43,2
DA:44,1
DA:49,1
DA:50,3
DA:51,3
DA:52,1
DA:59,1
DA:60,1
DA:61,1
DA:62,1
DA:63,1
DA:72,21
LF:26
LH:26
end_of_record
SF:lib\app\domain\entities\contato.dart
DA:11,5
DA:20,4
DA:21,28
LF:3
LH:3
end_of_record
SF:lib\app\data\datasources\utils\datasources_enum_api.dart
DA:1,78
DA:2,78
DA:3,78
DA:4,78
DA:8,1
DA:10,1
DA:11,1
DA:12,1
DA:13,1
LF:9
LH:9
end_of_record
SF:lib\app\data\datasources\dependente_api.dart
DA:26,1
DA:32,1
DA:33,3
DA:35,2
DA:39,1
DA:40,3
DA:42,2
DA:44,3
DA:48,1
DA:49,3
DA:51,2
DA:53,2
DA:54,4
DA:58,1
DA:59,3
DA:61,2
DA:63,2
DA:64,4
DA:68,1
DA:70,4
DA:72,2
DA:75,3
DA:76,1
DA:77,2
DA:78,1
LF:25
LH:25
end_of_record
SF:lib\app\data\models\dependente_model.g.dart
DA:9,2
DA:10,2
DA:11,2
DA:12,2
DA:13,2
DA:17,2
DA:18,2
DA:19,2
DA:20,2
DA:21,2
LF:10
LH:10
end_of_record
SF:lib\app\data\models\dependente_model.dart
DA:9,3
DA:13,3
DA:18,2
DA:19,2
DA:20,4
LF:5
LH:5
end_of_record
SF:lib\app\domain\entities\dependente.dart
DA:9,4
DA:15,3
DA:16,6
LF:3
LH:3
end_of_record
SF:lib\app\data\datasources\despesa_api.dart
DA:26,1
DA:32,1
DA:33,3
DA:35,2
DA:39,1
DA:40,3
DA:42,2
DA:44,3
DA:48,1
DA:49,3
DA:51,2
DA:53,2
DA:54,4
DA:58,1
DA:59,3
DA:61,2
DA:63,2
DA:64,4
DA:68,1
DA:70,4
DA:72,2
DA:75,3
DA:76,1
DA:77,2
DA:78,1
LF:25
LH:25
end_of_record
SF:lib\app\data\models\despesa_model.g.dart
DA:9,2
DA:10,2
DA:11,2
DA:12,2
DA:13,2
DA:14,2
DA:15,4
DA:16,2
DA:17,2
DA:18,2
DA:19,2
DA:23,2
DA:24,2
DA:25,2
DA:26,2
DA:27,2
DA:28,2
DA:29,2
DA:30,2
DA:31,2
DA:32,2
DA:33,2
LF:22
LH:22
end_of_record
SF:lib\app\data\models\despesa_model.dart
DA:9,3
DA:19,3
DA:31,2
DA:32,2
DA:33,4
LF:5
LH:5
end_of_record
SF:lib\app\domain\entities\despesa.dart
DA:15,4
DA:27,3
DA:28,6
LF:3
LH:3
end_of_record
SF:lib\app\data\datasources\midia_api.dart
DA:25,1
DA:31,1
DA:32,3
DA:34,2
DA:38,1
DA:39,3
DA:41,2
DA:43,3
DA:47,1
DA:48,3
DA:50,2
DA:52,2
DA:53,4
DA:57,1
DA:58,3
DA:60,2
DA:62,2
DA:63,4
DA:67,1
DA:68,4
DA:70,2
DA:73,3
DA:74,1
DA:75,2
DA:76,1
LF:25
LH:25
end_of_record
SF:lib\app\data\models\midia_model.dart
DA:9,3
DA:16,3
DA:25,2
DA:26,2
DA:27,4
LF:5
LH:5
end_of_record
SF:lib\app\data\models\midia_model.g.dart
DA:9,2
DA:10,2
DA:11,2
DA:12,2
DA:13,2
DA:14,2
DA:15,2
DA:16,2
DA:20,2
DA:21,2
DA:22,2
DA:23,2
DA:24,2
DA:25,2
DA:26,2
DA:27,2
LF:16
LH:16
end_of_record
SF:lib\app\domain\entities\midia.dart
DA:12,4
DA:21,3
DA:22,6
LF:3
LH:3
end_of_record
SF:lib\app\data\datasources\localizacao_api.dart
DA:25,1
DA:31,1
DA:32,3
DA:34,2
DA:38,1
DA:39,3
DA:41,2
DA:43,3
DA:47,1
DA:48,3
DA:50,2
DA:52,2
DA:53,4
DA:57,1
DA:58,3
DA:60,2
DA:62,2
DA:63,4
DA:67,1
DA:68,4
DA:70,2
DA:73,3
DA:74,1
DA:75,2
DA:76,1
LF:25
LH:25
end_of_record
SF:lib\app\data\models\localizacao_model.dart
DA:9,3
DA:18,3
DA:28,2
DA:29,2
DA:30,4
LF:5
LH:5
end_of_record
SF:lib\app\data\models\localizacao_model.g.dart
DA:9,2
DA:10,2
DA:11,2
DA:12,2
DA:13,2
DA:14,2
DA:15,2
DA:16,4
DA:17,4
DA:18,2
DA:22,2
DA:23,2
DA:24,2
DA:25,2
DA:26,2
DA:27,2
DA:28,2
DA:29,2
DA:30,2
DA:31,2
LF:20
LH:20
end_of_record
SF:lib\app\domain\entities\localizacao.dart
DA:14,4
DA:25,3
DA:26,6
LF:3
LH:3
end_of_record
SF:lib\app\data\datasources\movimentacao_api.dart
DA:25,1
DA:31,1
DA:32,3
DA:34,2
DA:38,1
DA:39,3
DA:41,2
DA:43,3
DA:47,1
DA:48,3
DA:50,2
DA:52,2
DA:53,4
DA:57,1
DA:58,3
DA:60,2
DA:62,2
DA:63,4
DA:67,1
DA:68,4
DA:70,2
DA:73,3
DA:74,1
DA:75,2
DA:76,1
LF:25
LH:25
end_of_record
SF:lib\app\data\models\movimentacao_model.dart
DA:9,3
DA:16,3
DA:25,2
DA:26,2
DA:27,4
LF:5
LH:5
end_of_record
SF:lib\app\data\models\movimentacao_model.g.dart
DA:9,2
DA:10,2
DA:11,2
DA:12,2
DA:13,2
DA:14,4
DA:15,2
DA:16,2
DA:20,2
DA:21,2
DA:22,2
DA:23,2
DA:24,2
DA:25,2
DA:26,2
DA:27,2
LF:16
LH:16
end_of_record
SF:lib\app\domain\entities\movimentacao.dart
DA:12,4
DA:21,3
DA:22,6
LF:3
LH:3
end_of_record
SF:lib\app\data\datasources\municipio_api.dart
DA:25,1
DA:31,1
DA:32,3
DA:34,2
DA:38,1
DA:39,3
DA:41,2
DA:43,3
DA:47,1
DA:48,3
DA:50,2
DA:52,2
DA:53,4
DA:57,1
DA:58,3
DA:60,2
DA:62,2
DA:63,4
DA:67,1
DA:68,4
DA:70,2
DA:73,3
DA:74,1
DA:75,2
DA:76,1
LF:25
LH:25
end_of_record
SF:lib\app\data\models\municipio_model.g.dart
DA:9,2
DA:10,2
DA:11,2
DA:12,2
DA:13,2
DA:14,2
DA:15,2
DA:16,2
DA:20,2
DA:21,2
DA:22,2
DA:23,2
DA:24,2
DA:25,2
DA:26,2
DA:27,2
LF:16
LH:16
end_of_record
SF:lib\app\data\models\municipio_model.dart
DA:9,3
DA:16,3
DA:25,2
DA:26,2
DA:27,4
LF:5
LH:5
end_of_record
SF:lib\app\domain\entities\municipio.dart
DA:12,4
DA:21,3
DA:22,6
LF:3
LH:3
end_of_record
SF:lib\app\data\datasources\pagador_api.dart
DA:25,1
DA:31,1
DA:32,3
DA:34,2
DA:38,1
DA:39,3
DA:41,2
DA:43,3
DA:47,1
DA:48,3
DA:50,2
DA:52,2
DA:53,4
DA:57,1
DA:58,3
DA:60,2
DA:62,2
DA:63,4
DA:67,1
DA:68,4
DA:70,2
DA:73,3
DA:74,1
DA:75,2
DA:76,1
LF:25
LH:25
end_of_record
SF:lib\app\data\models\pagador_model.g.dart
DA:9,2
DA:10,2
DA:11,2
DA:12,2
DA:13,2
DA:14,2
DA:15,2
DA:16,2
DA:17,2
DA:18,2
DA:19,2
DA:20,2
DA:24,2
DA:25,2
DA:26,2
DA:27,2
DA:28,2
DA:29,2
DA:30,2
DA:31,2
DA:32,2
DA:33,2
DA:34,2
DA:35,2
LF:24
LH:24
end_of_record
SF:lib\app\data\models\pagador_model.dart
DA:9,3
DA:20,3
DA:32,2
DA:33,2
DA:34,4
LF:5
LH:5
end_of_record
SF:lib\app\domain\entities\pagador.dart
DA:16,4
DA:29,3
DA:30,6
LF:3
LH:3
end_of_record
SF:lib\app\data\datasources\pagamento_api.dart
DA:25,1
DA:31,1
DA:32,3
DA:34,2
DA:38,1
DA:39,3
DA:41,2
DA:43,3
DA:47,1
DA:48,3
DA:50,2
DA:52,2
DA:53,4
DA:57,1
DA:58,3
DA:60,2
DA:62,2
DA:63,4
DA:67,1
DA:68,4
DA:70,2
DA:73,3
DA:74,1
DA:75,2
DA:76,1
LF:25
LH:25
end_of_record
SF:lib\app\data\models\pagamento_model.g.dart
DA:9,2
DA:10,2
DA:11,2
DA:12,2
DA:13,4
DA:14,2
DA:15,2
DA:19,2
DA:20,2
DA:21,2
DA:22,2
DA:23,2
DA:24,2
DA:25,2
LF:14
LH:14
end_of_record
SF:lib\app\data\models\pagamento_model.dart
DA:9,3
DA:15,3
DA:22,2
DA:23,2
DA:24,4
LF:5
LH:5
end_of_record
SF:lib\app\domain\entities\pagamento.dart
DA:11,4
DA:19,3
DA:20,6
LF:3
LH:3
end_of_record
SF:lib\app\data\datasources\pagamento_patrimonio_api.dart
DA:25,1
DA:31,1
DA:32,3
DA:34,2
DA:38,1
DA:39,3
DA:41,2
DA:43,3
DA:47,1
DA:48,3
DA:50,2
DA:52,2
DA:53,4
DA:57,1
DA:58,3
DA:60,2
DA:62,2
DA:63,4
DA:67,1
DA:68,4
DA:70,2
DA:73,3
DA:74,1
DA:75,2
DA:76,1
LF:25
LH:25
end_of_record
SF:lib\app\data\models\pagamento_patrimonio_model.g.dart
DA:9,2
DA:11,2
DA:12,2
DA:13,2
DA:14,2
DA:15,4
DA:19,2
DA:21,2
DA:22,2
DA:23,2
DA:24,2
DA:25,2
LF:12
LH:12
end_of_record
SF:lib\app\data\models\pagamento_patrimonio_model.dart
DA:9,3
DA:14,3
DA:21,2
DA:22,2
DA:23,4
LF:5
LH:5
end_of_record
SF:lib\app\domain\entities\pagamento_patrimonio.dart
DA:10,4
DA:17,3
DA:18,6
LF:3
LH:3
end_of_record
SF:lib\app\data\datasources\patrimonio_api.dart
DA:25,1
DA:31,1
DA:32,3
DA:34,2
DA:38,1
DA:39,3
DA:41,2
DA:43,3
DA:47,1
DA:48,3
DA:50,2
DA:52,2
DA:53,4
DA:57,1
DA:58,3
DA:60,2
DA:62,2
DA:63,4
DA:67,1
DA:68,4
DA:70,2
DA:73,3
DA:74,1
DA:75,2
DA:76,1
LF:25
LH:25
end_of_record
SF:lib\app\data\models\patrimonio_model.g.dart
DA:9,2
DA:10,2
DA:11,2
DA:12,2
DA:13,4
DA:14,2
DA:15,2
DA:16,2
DA:17,2
DA:21,2
DA:22,2
DA:23,2
DA:24,2
DA:25,2
DA:26,2
DA:27,2
DA:28,2
DA:29,2
LF:18
LH:18
end_of_record
SF:lib\app\data\models\patrimonio_model.dart
DA:9,3
DA:17,3
DA:27,2
DA:28,2
DA:29,4
LF:5
LH:5
end_of_record
SF:lib\app\domain\entities\patrimonio.dart
DA:13,4
DA:23,3
DA:24,6
LF:3
LH:3
end_of_record
SF:lib\app\data\datasources\recebimento_api.dart
DA:25,1
DA:31,1
DA:32,3
DA:34,2
DA:38,1
DA:39,3
DA:41,2
DA:43,3
DA:47,1
DA:48,3
DA:50,2
DA:52,2
DA:53,4
DA:57,1
DA:58,3
DA:60,2
DA:62,2
DA:63,4
DA:67,1
DA:68,4
DA:70,2
DA:73,3
DA:74,1
DA:75,2
DA:76,1
LF:25
LH:25
end_of_record
SF:lib\app\data\models\recebimento_model.g.dart
DA:9,2
DA:10,2
DA:11,2
DA:12,2
DA:13,4
DA:14,2
DA:15,2
DA:19,2
DA:20,2
DA:21,2
DA:22,2
DA:23,2
DA:24,2
DA:25,2
LF:14
LH:14
end_of_record
SF:lib\app\data\models\recebimento_model.dart
DA:9,3
DA:15,3
DA:23,2
DA:24,2
DA:25,4
LF:5
LH:5
end_of_record
SF:lib\app\domain\entities\recebimento.dart
DA:11,4
DA:19,3
DA:20,6
LF:3
LH:3
end_of_record
SF:lib\app\data\datasources\recebimento_patrimonio_api.dart
DA:25,1
DA:31,1
DA:32,3
DA:34,2
DA:38,1
DA:39,3
DA:41,2
DA:43,3
DA:47,1
DA:48,3
DA:50,2
DA:52,2
DA:53,4
DA:57,1
DA:58,3
DA:60,2
DA:62,2
DA:63,4
DA:67,1
DA:69,4
DA:71,2
DA:74,3
DA:75,1
DA:76,2
DA:77,1
LF:25
LH:25
end_of_record
SF:lib\app\data\models\recebimento_patrimonio_model.g.dart
DA:9,2
DA:11,2
DA:12,2
DA:13,2
DA:14,2
DA:15,4
DA:19,2
DA:21,2
DA:22,2
DA:23,2
DA:24,2
DA:25,2
LF:12
LH:12
end_of_record
SF:lib\app\data\models\recebimento_patrimonio_model.dart
DA:9,3
DA:14,3
DA:21,2
DA:22,2
DA:23,4
LF:5
LH:5
end_of_record
SF:lib\app\domain\entities\recebimento_patrimonio.dart
DA:10,4
DA:17,3
DA:18,6
LF:3
LH:3
end_of_record
SF:lib\app\data\datasources\renda_api.dart
DA:25,1
DA:31,1
DA:32,3
DA:34,2
DA:38,1
DA:39,3
DA:41,2
DA:43,3
DA:47,1
DA:48,3
DA:50,2
DA:52,2
DA:53,4
DA:57,1
DA:58,3
DA:60,2
DA:62,2
DA:63,4
DA:67,1
DA:68,4
DA:70,2
DA:73,3
DA:74,1
DA:75,2
DA:76,1
LF:25
LH:25
end_of_record
SF:lib\app\data\models\renda_model.dart
DA:9,3
DA:20,3
DA:33,2
DA:34,2
DA:35,4
LF:5
LH:5
end_of_record
SF:lib\app\data\models\renda_model.g.dart
DA:9,2
DA:10,2
DA:11,2
DA:12,2
DA:13,2
DA:14,2
DA:15,2
DA:16,4
DA:17,2
DA:18,2
DA:19,2
DA:20,2
DA:24,2
DA:25,2
DA:26,2
DA:27,2
DA:28,2
DA:29,2
DA:30,2
DA:31,2
DA:32,2
DA:33,2
DA:34,2
DA:35,2
LF:24
LH:24
end_of_record
SF:lib\app\domain\entities\renda.dart
DA:16,4
DA:29,3
DA:30,6
LF:3
LH:3
end_of_record
SF:lib\app\data\datasources\socio_api.dart
DA:25,1
DA:31,1
DA:32,3
DA:34,2
DA:38,1
DA:39,3
DA:41,2
DA:43,3
DA:47,1
DA:48,3
DA:50,2
DA:52,2
DA:53,4
DA:57,1
DA:58,3
DA:60,2
DA:62,2
DA:63,4
DA:67,1
DA:68,4
DA:70,2
DA:73,3
DA:74,1
DA:75,2
DA:76,1
LF:25
LH:25
end_of_record
SF:lib\app\data\models\socio_model.dart
DA:9,3
DA:17,3
DA:27,2
DA:28,2
DA:29,4
LF:5
LH:5
end_of_record
SF:lib\app\data\models\socio_model.g.dart
DA:9,2
DA:10,2
DA:11,2
DA:12,2
DA:13,2
DA:14,2
DA:15,2
DA:16,2
DA:17,2
DA:21,2
DA:22,2
DA:23,2
DA:24,2
DA:25,2
DA:26,2
DA:27,2
DA:28,2
DA:29,2
LF:18
LH:18
end_of_record
SF:lib\app\domain\entities\socio.dart
DA:13,4
DA:23,3
DA:24,6
LF:3
LH:3
end_of_record
SF:lib\app\data\datasources\socio_patrimonio_api.dart
DA:25,1
DA:31,1
DA:32,3
DA:34,2
DA:38,1
DA:39,3
DA:41,2
DA:43,3
DA:47,1
DA:48,3
DA:50,2
DA:52,2
DA:53,4
DA:57,1
DA:58,3
DA:60,2
DA:62,2
DA:63,4
DA:67,1
DA:68,4
DA:70,2
DA:73,3
DA:74,1
DA:75,2
DA:76,1
LF:25
LH:25
end_of_record
SF:lib\app\data\models\socio_patrimonio_model.g.dart
DA:9,2
DA:10,2
DA:11,2
DA:12,2
DA:13,2
DA:14,4
DA:15,2
DA:19,2
DA:21,2
DA:22,2
DA:23,2
DA:24,2
DA:25,2
DA:26,2
LF:14
LH:14
end_of_record
SF:lib\app\data\models\socio_patrimonio_model.dart
DA:9,3
DA:15,3
DA:22,2
DA:23,2
DA:24,4
LF:5
LH:5
end_of_record
SF:lib\app\domain\entities\socio_patrimonio.dart
DA:11,4
DA:19,3
DA:20,6
LF:3
LH:3
end_of_record
SF:lib\app\data\datasources\tipo_despesa_api.dart
DA:25,1
DA:31,1
DA:32,3
DA:34,2
DA:38,1
DA:39,3
DA:41,2
DA:43,3
DA:47,1
DA:48,3
DA:50,2
DA:52,2
DA:53,4
DA:57,1
DA:58,3
DA:60,2
DA:62,2
DA:63,4
DA:67,1
DA:68,4
DA:70,2
DA:73,3
DA:74,1
DA:75,2
DA:76,1
LF:25
LH:25
end_of_record
SF:lib\app\data\models\tipo_despesa_model.g.dart
DA:9,2
DA:10,2
DA:11,2
DA:12,2
DA:16,2
DA:17,2
DA:18,2
DA:19,2
LF:8
LH:8
end_of_record
SF:lib\app\data\models\tipo_despesa_model.dart
DA:9,3
DA:12,3
DA:17,2
DA:18,2
DA:19,4
LF:5
LH:5
end_of_record
SF:lib\app\domain\entities\tipo_despesa.dart
DA:8,4
DA:13,3
DA:14,6
LF:3
LH:3
end_of_record
SF:lib\app\data\datasources\tipo_patrimonio_api.dart
DA:25,1
DA:31,1
DA:32,3
DA:34,2
DA:38,1
DA:39,3
DA:41,2
DA:43,3
DA:47,1
DA:48,3
DA:50,2
DA:52,2
DA:53,4
DA:57,1
DA:58,3
DA:60,2
DA:62,2
DA:63,4
DA:67,1
DA:68,4
DA:70,2
DA:73,3
DA:74,1
DA:75,2
DA:76,1
LF:25
LH:25
end_of_record
SF:lib\app\data\models\tipo_patrimonio_model.dart
DA:9,3
DA:12,3
DA:17,2
DA:18,2
DA:19,4
LF:5
LH:5
end_of_record
SF:lib\app\data\models\tipo_patrimonio_model.g.dart
DA:9,2
DA:10,2
DA:11,2
DA:12,2
DA:16,2
DA:18,2
DA:19,2
DA:20,2
LF:8
LH:8
end_of_record
SF:lib\app\domain\entities\tipo_patrimonio.dart
DA:8,4
DA:13,3
DA:14,6
LF:3
LH:3
end_of_record
SF:lib\app\data\datasources\tipo_renda_api.dart
DA:25,1
DA:31,1
DA:32,3
DA:34,2
DA:38,1
DA:39,3
DA:41,2
DA:43,3
DA:47,1
DA:48,3
DA:50,2
DA:52,2
DA:53,4
DA:57,1
DA:58,3
DA:60,2
DA:62,2
DA:63,4
DA:67,1
DA:68,4
DA:70,2
DA:73,3
DA:74,1
DA:75,2
DA:76,1
LF:25
LH:25
end_of_record
SF:lib\app\data\models\tipo_renda_model.dart
DA:9,3
DA:12,3
DA:17,2
DA:18,2
DA:19,4
LF:5
LH:5
end_of_record
SF:lib\app\data\models\tipo_renda_model.g.dart
DA:9,2
DA:10,2
DA:11,2
DA:12,2
DA:16,2
DA:17,2
DA:18,2
DA:19,2
LF:8
LH:8
end_of_record
SF:lib\app\domain\entities\tipo_renda.dart
DA:7,4
DA:12,3
DA:13,6
LF:3
LH:3
end_of_record
SF:lib\app\data\repositories\contato_repository_impl.dart
DA:16,2
DA:22,1
DA:23,4
DA:25,4
DA:26,1
DA:27,1
DA:28,2
DA:32,1
DA:33,2
DA:39,1
DA:40,4
DA:42,1
DA:43,3
DA:45,1
DA:46,1
DA:47,2
DA:51,1
DA:52,2
DA:58,1
DA:59,4
DA:61,1
DA:62,3
DA:64,1
DA:65,1
DA:66,2
DA:70,1
DA:71,2
DA:77,1
DA:81,4
DA:83,1
DA:84,3
DA:86,1
DA:87,1
DA:88,2
DA:92,1
DA:93,2
DA:99,2
DA:102,8
DA:104,2
DA:105,6
DA:107,1
DA:108,1
DA:109,2
DA:113,1
DA:114,2
LF:45
LH:45
end_of_record
SF:lib\core\error\failure.dart
DA:8,38
DA:10,0
DA:11,0
DA:17,0
DA:19,0
DA:20,0
DA:26,0
DA:28,0
DA:29,0
LF:9
LH:1
end_of_record
SF:lib\core\network\connectivity_adapter.dart
DA:10,1
DA:11,2
LF:2
LH:2
end_of_record
SF:lib\app\data\repositories\utils\messages_repository.dart
DA:1,80
DA:4,19
DA:6,19
LF:3
LH:3
end_of_record
SF:lib\app\data\repositories\dependente_repository_impl.dart
DA:16,1
DA:22,1
DA:23,4
DA:25,4
DA:26,1
DA:27,1
DA:28,2
DA:32,1
DA:33,2
DA:39,1
DA:40,4
DA:42,1
DA:43,3
DA:45,1
DA:46,1
DA:47,2
DA:51,1
DA:52,2
DA:58,1
DA:59,4
DA:61,1
DA:62,3
DA:64,1
DA:65,1
DA:66,2
DA:70,1
DA:71,2
DA:77,1
DA:81,4
DA:83,1
DA:84,3
DA:86,1
DA:87,1
DA:88,2
DA:92,1
DA:93,2
DA:99,1
DA:102,4
DA:104,1
DA:105,3
DA:107,1
DA:108,1
DA:109,2
DA:113,1
DA:114,2
LF:45
LH:45
end_of_record
SF:lib\app\data\repositories\despesa_repository_impl.dart
DA:16,1
DA:22,1
DA:23,4
DA:25,4
DA:26,1
DA:27,1
DA:28,2
DA:32,1
DA:33,2
DA:39,1
DA:40,4
DA:42,1
DA:43,3
DA:45,1
DA:46,1
DA:47,2
DA:51,1
DA:52,2
DA:58,1
DA:59,4
DA:61,1
DA:62,3
DA:64,1
DA:65,1
DA:66,2
DA:70,1
DA:71,2
DA:77,1
DA:81,4
DA:83,1
DA:84,3
DA:86,1
DA:87,1
DA:88,2
DA:92,1
DA:93,2
DA:99,1
DA:102,4
DA:104,1
DA:105,3
DA:107,1
DA:108,1
DA:109,2
DA:113,1
DA:114,2
LF:45
LH:45
end_of_record
SF:lib\app\data\repositories\localizacao_repository_impl.dart
DA:16,1
DA:22,1
DA:23,4
DA:25,4
DA:26,1
DA:27,1
DA:28,2
DA:32,1
DA:33,2
DA:39,1
DA:40,4
DA:42,1
DA:43,3
DA:45,1
DA:46,1
DA:47,2
DA:51,1
DA:52,2
DA:58,1
DA:59,4
DA:61,1
DA:62,3
DA:64,1
DA:65,1
DA:66,2
DA:70,1
DA:71,2
DA:77,1
DA:81,4
DA:83,1
DA:84,3
DA:86,1
DA:87,1
DA:88,2
DA:92,1
DA:93,2
DA:99,1
DA:102,4
DA:104,1
DA:105,3
DA:107,1
DA:108,1
DA:109,2
DA:113,1
DA:114,2
LF:45
LH:45
end_of_record
SF:lib\app\data\repositories\midia_repository_impl.dart
DA:16,1
DA:22,1
DA:23,4
DA:25,4
DA:26,1
DA:27,1
DA:28,2
DA:32,1
DA:33,2
DA:39,1
DA:40,4
DA:42,1
DA:43,3
DA:45,1
DA:46,1
DA:47,2
DA:51,1
DA:52,2
DA:58,1
DA:59,4
DA:61,1
DA:62,3
DA:64,1
DA:65,1
DA:66,2
DA:70,1
DA:71,2
DA:77,1
DA:81,4
DA:83,1
DA:84,3
DA:86,1
DA:87,1
DA:88,2
DA:92,1
DA:93,2
DA:99,1
DA:102,4
DA:104,1
DA:105,3
DA:107,1
DA:108,1
DA:109,2
DA:113,1
DA:114,2
LF:45
LH:45
end_of_record
SF:lib\app\data\repositories\movimentacao_repository_impl.dart
DA:16,1
DA:22,1
DA:23,4
DA:25,4
DA:26,1
DA:27,1
DA:28,2
DA:32,1
DA:33,2
DA:39,1
DA:40,4
DA:42,1
DA:43,3
DA:45,1
DA:46,1
DA:47,2
DA:51,1
DA:52,2
DA:58,1
DA:59,4
DA:61,1
DA:62,3
DA:64,1
DA:65,1
DA:66,2
DA:70,1
DA:71,2
DA:77,1
DA:81,4
DA:83,1
DA:84,3
DA:86,1
DA:87,1
DA:88,2
DA:92,1
DA:93,2
DA:99,1
DA:102,4
DA:104,1
DA:105,3
DA:107,1
DA:108,1
DA:109,2
DA:113,1
DA:114,2
LF:45
LH:45
end_of_record
SF:lib\app\data\repositories\municipio_repository_impl.dart
DA:16,1
DA:22,1
DA:23,4
DA:25,4
DA:26,1
DA:27,1
DA:28,2
DA:32,1
DA:33,2
DA:39,1
DA:40,4
DA:42,1
DA:43,3
DA:45,1
DA:46,1
DA:47,2
DA:51,1
DA:52,2
DA:58,1
DA:59,4
DA:61,1
DA:62,3
DA:64,1
DA:65,1
DA:66,2
DA:70,1
DA:71,2
DA:77,1
DA:81,4
DA:83,1
DA:84,3
DA:86,1
DA:87,1
DA:88,2
DA:92,1
DA:93,2
DA:99,1
DA:102,4
DA:104,1
DA:105,3
DA:107,1
DA:108,1
DA:109,2
DA:113,1
DA:114,2
LF:45
LH:45
end_of_record
SF:lib\app\data\repositories\pagador_repository_impl.dart
DA:16,1
DA:22,1
DA:23,4
DA:25,4
DA:26,1
DA:27,1
DA:28,2
DA:32,1
DA:33,2
DA:39,1
DA:40,4
DA:42,1
DA:43,3
DA:45,1
DA:46,1
DA:47,2
DA:51,1
DA:52,2
DA:58,1
DA:59,4
DA:61,1
DA:62,3
DA:64,1
DA:65,1
DA:66,2
DA:70,1
DA:71,2
DA:77,1
DA:81,4
DA:83,1
DA:84,3
DA:86,1
DA:87,1
DA:88,2
DA:92,1
DA:93,2
DA:99,1
DA:102,4
DA:104,1
DA:105,3
DA:107,1
DA:108,1
DA:109,2
DA:113,1
DA:114,2
LF:45
LH:45
end_of_record
SF:lib\app\data\repositories\pagamento_patrimonio_repository_impl.dart
DA:17,1
DA:23,1
DA:24,4
DA:26,4
DA:27,1
DA:28,1
DA:29,2
DA:33,1
DA:34,2
DA:40,1
DA:42,4
DA:44,1
DA:45,3
DA:47,1
DA:48,1
DA:49,2
DA:53,1
DA:54,2
DA:61,1
DA:62,4
DA:64,1
DA:65,3
DA:67,1
DA:68,1
DA:69,2
DA:73,1
DA:74,2
DA:81,1
DA:85,4
DA:87,1
DA:88,3
DA:90,1
DA:91,1
DA:92,2
DA:96,1
DA:97,2
DA:103,1
DA:106,4
DA:108,1
DA:109,3
DA:111,1
DA:112,1
DA:113,2
DA:117,1
DA:118,2
LF:45
LH:45
end_of_record
SF:lib\app\data\repositories\pagamento_repository_impl.dart
DA:16,1
DA:22,1
DA:23,4
DA:25,4
DA:26,1
DA:27,1
DA:28,2
DA:32,1
DA:33,2
DA:39,1
DA:40,4
DA:42,1
DA:43,3
DA:45,1
DA:46,1
DA:47,2
DA:51,1
DA:52,2
DA:58,1
DA:59,4
DA:61,1
DA:62,3
DA:64,1
DA:65,1
DA:66,2
DA:70,1
DA:71,2
DA:77,1
DA:81,4
DA:83,1
DA:84,3
DA:86,1
DA:87,1
DA:88,2
DA:92,1
DA:93,2
DA:99,1
DA:102,4
DA:104,1
DA:105,3
DA:107,1
DA:108,1
DA:109,2
DA:113,1
DA:114,2
LF:45
LH:45
end_of_record
SF:lib\app\data\repositories\patrimonio_repository_impl.dart
DA:16,1
DA:22,1
DA:23,4
DA:25,4
DA:26,1
DA:27,1
DA:28,2
DA:32,1
DA:33,2
DA:39,1
DA:40,4
DA:42,1
DA:43,3
DA:45,1
DA:46,1
DA:47,2
DA:51,1
DA:52,2
DA:58,1
DA:59,4
DA:61,1
DA:62,3
DA:64,1
DA:65,1
DA:66,2
DA:70,1
DA:71,2
DA:77,1
DA:81,4
DA:83,1
DA:84,3
DA:86,1
DA:87,1
DA:88,2
DA:92,1
DA:93,2
DA:99,1
DA:102,4
DA:104,1
DA:105,3
DA:107,1
DA:108,1
DA:109,2
DA:113,1
DA:114,2
LF:45
LH:45
end_of_record
SF:lib\app\data\repositories\recebimento_patrimonio_repository_impl.dart
DA:17,1
DA:23,1
DA:24,4
DA:26,4
DA:27,1
DA:28,1
DA:29,2
DA:33,1
DA:34,2
DA:40,1
DA:42,4
DA:44,1
DA:45,3
DA:47,1
DA:48,1
DA:49,2
DA:53,1
DA:54,2
DA:61,1
DA:62,4
DA:64,1
DA:65,3
DA:67,1
DA:68,1
DA:69,2
DA:73,1
DA:74,2
DA:81,1
DA:85,4
DA:87,1
DA:88,3
DA:90,1
DA:91,1
DA:92,2
DA:96,1
DA:97,2
DA:103,1
DA:106,4
DA:108,1
DA:109,3
DA:111,1
DA:112,1
DA:113,2
DA:117,1
DA:118,2
LF:45
LH:45
end_of_record
SF:lib\app\data\repositories\recebimento_repository_impl.dart
DA:16,1
DA:22,1
DA:23,4
DA:25,4
DA:26,1
DA:27,1
DA:28,2
DA:32,1
DA:33,2
DA:39,1
DA:40,4
DA:42,1
DA:43,3
DA:45,1
DA:46,1
DA:47,2
DA:51,1
DA:52,2
DA:58,1
DA:59,4
DA:61,1
DA:62,3
DA:64,1
DA:65,1
DA:66,2
DA:70,1
DA:71,2
DA:77,1
DA:81,4
DA:83,1
DA:84,3
DA:86,1
DA:87,1
DA:88,2
DA:92,1
DA:93,2
DA:99,1
DA:102,4
DA:104,1
DA:105,3
DA:107,1
DA:108,1
DA:109,2
DA:113,1
DA:114,2
LF:45
LH:45
end_of_record
SF:lib\app\data\repositories\renda_repository_impl.dart
DA:16,1
DA:22,1
DA:23,4
DA:25,4
DA:26,1
DA:27,1
DA:28,2
DA:32,1
DA:33,2
DA:39,1
DA:40,4
DA:42,1
DA:43,3
DA:45,1
DA:46,1
DA:47,2
DA:51,1
DA:52,2
DA:58,1
DA:59,4
DA:61,1
DA:62,3
DA:64,1
DA:65,1
DA:66,2
DA:70,1
DA:71,2
DA:77,1
DA:81,4
DA:83,1
DA:84,3
DA:86,1
DA:87,1
DA:88,2
DA:92,1
DA:93,2
DA:99,1
DA:102,4
DA:104,1
DA:105,3
DA:107,1
DA:108,1
DA:109,2
DA:113,1
DA:114,2
LF:45
LH:45
end_of_record
SF:lib\app\data\repositories\socio_patrimonio_repository_impl.dart
DA:16,1
DA:22,1
DA:23,4
DA:25,4
DA:26,1
DA:27,1
DA:28,2
DA:32,1
DA:33,2
DA:39,1
DA:41,4
DA:43,1
DA:44,3
DA:46,1
DA:47,1
DA:48,2
DA:52,1
DA:53,2
DA:59,1
DA:60,4
DA:62,1
DA:63,3
DA:65,1
DA:66,1
DA:67,2
DA:71,1
DA:72,2
DA:78,1
DA:82,4
DA:84,1
DA:85,3
DA:87,1
DA:88,1
DA:89,2
DA:93,1
DA:94,2
DA:100,1
DA:103,4
DA:105,1
DA:106,3
DA:108,1
DA:109,1
DA:110,2
DA:114,1
DA:115,2
LF:45
LH:45
end_of_record
SF:lib\app\data\repositories\socio_repository_impl.dart
DA:16,1
DA:22,1
DA:23,4
DA:25,4
DA:26,1
DA:27,1
DA:28,2
DA:32,1
DA:33,2
DA:39,1
DA:40,4
DA:42,1
DA:43,3
DA:45,1
DA:46,1
DA:47,2
DA:51,1
DA:52,2
DA:58,1
DA:59,4
DA:61,1
DA:62,3
DA:64,1
DA:65,1
DA:66,2
DA:70,1
DA:71,2
DA:77,1
DA:81,4
DA:83,1
DA:84,3
DA:86,1
DA:87,1
DA:88,2
DA:92,1
DA:93,2
DA:99,1
DA:102,4
DA:104,1
DA:105,3
DA:107,1
DA:108,1
DA:109,2
DA:113,1
DA:114,2
LF:45
LH:45
end_of_record
SF:lib\app\data\repositories\tipo_despesa_repository_impl.dart
DA:16,1
DA:22,1
DA:23,4
DA:25,4
DA:26,1
DA:27,1
DA:28,2
DA:32,1
DA:33,2
DA:39,1
DA:40,4
DA:42,1
DA:43,3
DA:45,1
DA:46,1
DA:47,2
DA:51,1
DA:52,2
DA:58,1
DA:59,4
DA:61,1
DA:62,3
DA:64,1
DA:65,1
DA:66,2
DA:70,1
DA:71,2
DA:77,1
DA:81,4
DA:83,1
DA:84,3
DA:86,1
DA:87,1
DA:88,2
DA:92,1
DA:93,2
DA:99,1
DA:102,4
DA:104,1
DA:105,3
DA:107,1
DA:108,1
DA:109,2
DA:113,1
DA:114,2
LF:45
LH:45
end_of_record
SF:lib\app\data\repositories\tipo_patrimonio_repository_impl.dart
DA:16,1
DA:22,1
DA:23,4
DA:25,4
DA:26,1
DA:27,1
DA:28,2
DA:32,1
DA:33,2
DA:39,1
DA:40,4
DA:42,1
DA:43,3
DA:45,1
DA:46,1
DA:47,2
DA:51,1
DA:52,2
DA:58,1
DA:59,4
DA:61,1
DA:62,3
DA:64,1
DA:65,1
DA:66,2
DA:70,1
DA:71,2
DA:77,1
DA:81,4
DA:83,1
DA:84,3
DA:86,1
DA:87,1
DA:88,2
DA:92,1
DA:93,2
DA:99,1
DA:102,4
DA:104,1
DA:105,3
DA:107,1
DA:108,1
DA:109,2
DA:113,1
DA:114,2
LF:45
LH:45
end_of_record
SF:lib\app\data\repositories\tipo_renda_repository_impl.dart
DA:16,1
DA:22,1
DA:23,4
DA:25,4
DA:26,1
DA:27,1
DA:28,2
DA:32,1
DA:33,2
DA:39,1
DA:40,4
DA:42,1
DA:43,3
DA:45,1
DA:46,1
DA:47,2
DA:51,1
DA:52,2
DA:58,1
DA:59,4
DA:61,1
DA:62,3
DA:64,1
DA:65,1
DA:66,2
DA:70,1
DA:71,2
DA:77,1
DA:81,4
DA:83,1
DA:84,3
DA:86,1
DA:87,1
DA:88,2
DA:92,1
DA:93,2
DA:99,1
DA:102,4
DA:104,1
DA:105,3
DA:107,1
DA:108,1
DA:109,2
DA:113,1
DA:114,2
LF:45
LH:45
end_of_record
SF:lib\app\domain\usecases\contato_usecases.dart
DA:13,1
DA:15,1
DA:17,4
DA:24,1
DA:26,1
DA:28,2
DA:35,1
DA:37,1
DA:39,2
DA:40,2
DA:41,2
DA:49,1
DA:51,1
DA:53,3
DA:60,1
DA:62,1
DA:64,4
LF:17
LH:17
end_of_record
SF:lib\core\usecases\params.dart
DA:46,19
DA:69,0
DA:70,0
DA:71,0
DA:72,0
DA:73,0
DA:74,0
DA:75,0
DA:76,0
DA:77,0
DA:78,0
DA:79,0
DA:80,0
DA:81,0
DA:82,0
DA:83,0
DA:84,0
DA:85,0
DA:86,0
DA:87,0
DA:88,0
DA:89,0
DA:90,0
DA:95,0
DA:96,0
DA:103,19
LF:26
LH:2
end_of_record
SF:lib\app\domain\usecases\dependente_usecases.dart
DA:13,1
DA:15,1
DA:17,4
DA:24,1
DA:26,1
DA:28,2
DA:35,1
DA:37,1
DA:39,2
DA:40,2
DA:41,2
DA:49,1
DA:51,1
DA:53,3
DA:60,1
DA:62,1
DA:64,4
LF:17
LH:17
end_of_record
SF:lib\app\domain\usecases\despesa_usecases.dart
DA:13,1
DA:15,1
DA:17,4
DA:24,1
DA:26,1
DA:28,2
DA:35,1
DA:37,1
DA:39,2
DA:40,2
DA:41,2
DA:49,1
DA:51,1
DA:53,3
DA:60,1
DA:62,1
DA:64,4
LF:17
LH:17
end_of_record
SF:lib\app\domain\usecases\localizacao_usecases.dart
DA:13,1
DA:15,1
DA:17,4
DA:24,1
DA:26,1
DA:28,2
DA:35,1
DA:37,1
DA:39,2
DA:40,2
DA:41,2
DA:49,1
DA:51,1
DA:53,3
DA:60,1
DA:62,1
DA:64,4
LF:17
LH:17
end_of_record
SF:lib\app\domain\usecases\midia_usecases.dart
DA:13,1
DA:15,1
DA:17,4
DA:24,1
DA:26,1
DA:28,2
DA:35,1
DA:37,1
DA:39,2
DA:40,2
DA:41,2
DA:49,1
DA:51,1
DA:53,3
DA:60,1
DA:62,1
DA:64,4
LF:17
LH:17
end_of_record
SF:lib\app\domain\usecases\movimentacao_usecases.dart
DA:13,1
DA:15,1
DA:17,4
DA:24,1
DA:26,1
DA:28,2
DA:35,1
DA:37,1
DA:39,2
DA:40,2
DA:41,2
DA:49,1
DA:51,1
DA:53,3
DA:60,1
DA:62,1
DA:64,4
LF:17
LH:17
end_of_record
SF:lib\app\domain\usecases\municipio_usecases.dart
DA:13,1
DA:15,1
DA:17,4
DA:24,1
DA:26,1
DA:28,2
DA:35,1
DA:37,1
DA:39,2
DA:40,2
DA:41,2
DA:49,1
DA:51,1
DA:53,3
DA:60,1
DA:62,1
DA:64,4
LF:17
LH:17
end_of_record
SF:lib\app\domain\usecases\pagador_usecases.dart
DA:13,1
DA:15,1
DA:17,4
DA:24,1
DA:26,1
DA:28,2
DA:35,1
DA:37,1
DA:39,2
DA:40,2
DA:41,2
DA:49,1
DA:51,1
DA:53,3
DA:60,1
DA:62,1
DA:64,4
LF:17
LH:17
end_of_record
SF:lib\app\domain\usecases\pagamento_patrimonio_usecases.dart
DA:13,1
DA:15,1
DA:17,1
DA:18,3
DA:26,1
DA:28,1
DA:30,2
DA:38,1
DA:40,1
DA:42,2
DA:43,2
DA:44,2
DA:52,1
DA:54,1
DA:56,1
DA:57,2
DA:65,1
DA:67,1
DA:69,1
DA:70,3
LF:20
LH:20
end_of_record
SF:lib\app\domain\usecases\pagamento_usecases.dart
DA:13,1
DA:15,1
DA:17,4
DA:24,1
DA:26,1
DA:28,2
DA:35,1
DA:37,1
DA:39,2
DA:40,2
DA:41,2
DA:49,1
DA:51,1
DA:53,3
DA:60,1
DA:62,1
DA:64,4
LF:17
LH:17
end_of_record
SF:lib\app\domain\usecases\patrimonio_usecases.dart
DA:13,1
DA:15,1
DA:17,4
DA:24,1
DA:26,1
DA:28,2
DA:35,1
DA:37,1
DA:39,2
DA:40,2
DA:41,2
DA:49,1
DA:51,1
DA:53,3
DA:60,1
DA:62,1
DA:64,4
LF:17
LH:17
end_of_record
SF:lib\app\domain\usecases\recebimento_patrimonio_usecases.dart
DA:14,1
DA:16,1
DA:18,1
DA:19,3
DA:27,1
DA:29,1
DA:31,2
DA:39,1
DA:42,1
DA:44,2
DA:45,2
DA:46,2
DA:55,1
DA:57,1
DA:59,1
DA:60,2
DA:68,1
DA:70,1
DA:72,1
DA:73,3
LF:20
LH:20
end_of_record
SF:lib\app\domain\usecases\recebimento_usecases.dart
DA:13,1
DA:15,1
DA:17,4
DA:24,1
DA:26,1
DA:28,2
DA:35,1
DA:37,1
DA:39,2
DA:40,2
DA:41,2
DA:49,1
DA:51,1
DA:53,3
DA:60,1
DA:62,1
DA:64,4
LF:17
LH:17
end_of_record
SF:lib\app\domain\usecases\renda_usecases.dart
DA:13,1
DA:15,1
DA:17,4
DA:24,1
DA:26,1
DA:28,2
DA:35,1
DA:37,1
DA:39,2
DA:40,2
DA:41,2
DA:49,1
DA:51,1
DA:53,3
DA:60,1
DA:62,1
DA:64,4
LF:17
LH:17
end_of_record
SF:lib\app\domain\usecases\socio_patrimonio_usecases.dart
DA:13,1
DA:15,1
DA:17,1
DA:18,3
DA:25,1
DA:27,1
DA:29,2
DA:37,1
DA:39,1
DA:41,2
DA:42,2
DA:43,2
DA:51,1
DA:53,1
DA:55,1
DA:56,2
DA:63,1
DA:65,1
DA:67,1
DA:68,3
LF:20
LH:20
end_of_record
SF:lib\app\domain\usecases\socio_usecases.dart
DA:13,1
DA:15,1
DA:17,4
DA:24,1
DA:26,1
DA:28,2
DA:35,1
DA:37,1
DA:39,2
DA:40,2
DA:41,2
DA:49,1
DA:51,1
DA:53,3
DA:60,1
DA:62,1
DA:64,4
LF:17
LH:17
end_of_record
SF:lib\app\presentation\mobx\contato_store.g.dart
DA:14,1
DA:16,2
DA:17,1
DA:20,1
DA:22,4
DA:23,1
DA:29,1
DA:31,2
DA:32,1
DA:35,1
DA:37,4
DA:38,1
DA:45,1
DA:47,2
DA:50,1
DA:52,2
DA:56,1
DA:58,2
DA:61,1
DA:63,2
DA:67,0
DA:70,0
DA:71,0
DA:72,0
LF:24
LH:20
end_of_record
SF:lib\app\presentation\mobx\contato_store.dart
DA:18,1
DA:20,1
DA:22,2
DA:23,1
DA:24,1
DA:25,1
DA:26,1
DA:27,1
DA:28,1
DA:35,1
DA:37,3
DA:38,3
LF:12
LH:12
end_of_record
SF:lib\app\domain\usecases\tipo_despesa_usecases.dart
DA:13,1
DA:15,1
DA:17,4
DA:24,1
DA:26,1
DA:28,2
DA:35,1
DA:37,1
DA:39,2
DA:40,2
DA:41,2
DA:49,1
DA:51,1
DA:53,3
DA:60,1
DA:62,1
DA:64,4
LF:17
LH:17
end_of_record
SF:lib\app\domain\usecases\tipo_renda_usecases.dart
DA:13,1
DA:15,1
DA:17,4
DA:24,1
DA:26,1
DA:28,2
DA:35,1
DA:37,1
DA:39,2
DA:40,2
DA:41,2
DA:49,1
DA:51,1
DA:53,3
DA:60,1
DA:62,1
DA:64,4
LF:17
LH:17
end_of_record
SF:lib\app\domain\usecases\tipo_patrimonio_usecases.dart
DA:13,1
DA:15,1
DA:17,1
DA:18,3
DA:25,1
DA:27,1
DA:29,2
DA:36,1
DA:38,1
DA:40,2
DA:41,2
DA:42,2
DA:50,1
DA:52,1
DA:54,3
DA:61,1
DA:63,1
DA:65,1
DA:66,3
LF:19
LH:19
end_of_record
SF:lib\main.dart
DA:3,0
DA:4,0
DA:9,1
DA:11,1
DA:13,1
DA:27,1
DA:29,1
DA:35,2
DA:48,1
DA:49,1
DA:55,1
DA:56,2
DA:62,2
DA:66,1
DA:74,1
DA:75,1
DA:78,3
DA:80,1
DA:83,1
DA:99,1
DA:100,1
DA:103,1
DA:104,2
DA:105,3
DA:110,1
DA:111,1
DA:113,1
LF:27
LH:25
end_of_record
