SF:lib\app\data\datasources\contato_api.dart
DA:14,0
DA:20,0
DA:21,0
DA:23,0
DA:27,0
DA:28,0
DA:30,0
DA:32,0
DA:36,0
DA:37,0
DA:39,0
DA:42,0
DA:43,0
DA:44,0
DA:45,0
DA:50,0
DA:51,0
DA:53,0
DA:55,0
DA:56,0
DA:60,0
DA:61,0
DA:63,0
DA:65,0
DA:66,0
LF:25
LH:0
end_of_record
SF:lib\app\data\datasources\utils\datasources_api_validation.dart
DA:10,0
DA:12,0
DA:13,0
DA:14,0
DA:17,0
DA:18,0
DA:19,0
LF:7
LH:0
end_of_record
SF:lib\app\data\models\contato_model.dart
DA:9,1
DA:16,1
DA:25,0
DA:26,0
DA:27,0
LF:5
LH:2
end_of_record
SF:lib\app\data\models\contato_model.g.dart
DA:9,0
DA:10,0
DA:11,0
DA:12,0
DA:13,0
DA:14,0
DA:15,0
DA:16,0
DA:20,0
DA:21,0
DA:22,0
DA:23,0
DA:24,0
DA:25,0
DA:26,0
DA:27,0
LF:16
LH:0
end_of_record
SF:lib\core\error\exceptions.dart
DA:4,0
DA:10,0
LF:2
LH:0
end_of_record
SF:lib\core\network\http_adapter.dart
DA:14,1
DA:20,1
DA:21,7
DA:25,1
DA:26,7
DA:30,1
DA:31,1
DA:32,6
DA:36,1
DA:37,7
DA:41,1
DA:42,1
DA:43,1
DA:44,3
DA:45,2
DA:46,1
DA:47,1
DA:51,1
DA:52,3
DA:53,3
DA:54,1
DA:55,1
DA:61,1
DA:62,1
DA:63,1
DA:64,1
DA:65,1
DA:74,1
LF:28
LH:28
end_of_record
SF:lib\app\data\datasources\utils\datasources_enum_api.dart
DA:1,39
DA:2,39
DA:3,39
DA:4,39
DA:8,0
DA:10,0
DA:11,0
DA:12,0
DA:13,0
LF:9
LH:4
end_of_record
SF:lib\app\domain\entities\contato.dart
DA:12,1
DA:22,0
DA:23,0
LF:3
LH:1
end_of_record
SF:lib\app\data\datasources\dependente_api.dart
DA:14,0
DA:20,0
DA:21,0
DA:23,0
DA:27,0
DA:28,0
DA:30,0
DA:32,0
DA:36,0
DA:37,0
DA:39,0
DA:42,0
DA:43,0
DA:44,0
DA:45,0
DA:50,0
DA:51,0
DA:53,0
DA:55,0
DA:56,0
DA:60,0
DA:61,0
DA:63,0
DA:65,0
DA:66,0
LF:25
LH:0
end_of_record
SF:lib\app\data\models\dependente_model.dart
DA:9,1
DA:13,1
DA:18,0
DA:19,0
DA:20,0
LF:5
LH:2
end_of_record
SF:lib\app\data\models\dependente_model.g.dart
DA:9,0
DA:10,0
DA:11,0
DA:12,0
DA:13,0
DA:17,0
DA:18,0
DA:19,0
DA:20,0
DA:21,0
LF:10
LH:0
end_of_record
SF:lib\app\domain\entities\dependente.dart
DA:9,1
DA:16,0
DA:17,0
LF:3
LH:1
end_of_record
SF:lib\app\data\datasources\despesa_api.dart
DA:14,0
DA:20,0
DA:21,0
DA:23,0
DA:27,0
DA:28,0
DA:30,0
DA:32,0
DA:36,0
DA:37,0
DA:39,0
DA:42,0
DA:43,0
DA:44,0
DA:45,0
DA:50,0
DA:51,0
DA:53,0
DA:55,0
DA:56,0
DA:60,0
DA:61,0
DA:63,0
DA:65,0
DA:66,0
LF:25
LH:0
end_of_record
SF:lib\app\data\models\despesa_model.dart
DA:9,1
DA:19,1
DA:31,0
DA:32,0
DA:33,0
LF:5
LH:2
end_of_record
SF:lib\app\data\models\despesa_model.g.dart
DA:9,0
DA:10,0
DA:11,0
DA:12,0
DA:13,0
DA:14,0
DA:15,0
DA:16,0
DA:17,0
DA:18,0
DA:19,0
DA:23,0
DA:24,0
DA:25,0
DA:26,0
DA:27,0
DA:28,0
DA:29,0
DA:30,0
DA:31,0
DA:32,0
DA:33,0
LF:22
LH:0
end_of_record
SF:lib\app\domain\entities\despesa.dart
DA:15,1
DA:28,0
DA:29,0
LF:3
LH:1
end_of_record
SF:lib\app\data\datasources\localizacao_api.dart
DA:14,0
DA:20,0
DA:21,0
DA:23,0
DA:27,0
DA:28,0
DA:30,0
DA:32,0
DA:36,0
DA:37,0
DA:39,0
DA:42,0
DA:43,0
DA:44,0
DA:45,0
DA:50,0
DA:51,0
DA:53,0
DA:55,0
DA:56,0
DA:60,0
DA:61,0
DA:63,0
DA:65,0
DA:66,0
LF:25
LH:0
end_of_record
SF:lib\app\data\models\localizacao_model.dart
DA:9,1
DA:18,1
DA:28,0
DA:29,0
DA:30,0
LF:5
LH:2
end_of_record
SF:lib\app\data\models\localizacao_model.g.dart
DA:9,0
DA:10,0
DA:11,0
DA:12,0
DA:13,0
DA:14,0
DA:15,0
DA:16,0
DA:17,0
DA:18,0
DA:22,0
DA:23,0
DA:24,0
DA:25,0
DA:26,0
DA:27,0
DA:28,0
DA:29,0
DA:30,0
DA:31,0
LF:20
LH:0
end_of_record
SF:lib\app\domain\entities\localizacao.dart
DA:14,1
DA:26,0
DA:27,0
LF:3
LH:1
end_of_record
SF:lib\app\data\datasources\midia_api.dart
DA:14,0
DA:20,0
DA:21,0
DA:23,0
DA:27,0
DA:28,0
DA:30,0
DA:32,0
DA:36,0
DA:37,0
DA:39,0
DA:42,0
DA:43,0
DA:44,0
DA:45,0
DA:50,0
DA:51,0
DA:53,0
DA:55,0
DA:56,0
DA:60,0
DA:61,0
DA:63,0
DA:65,0
DA:66,0
LF:25
LH:0
end_of_record
SF:lib\app\data\models\midia_model.dart
DA:9,1
DA:16,1
DA:25,0
DA:26,0
DA:27,0
LF:5
LH:2
end_of_record
SF:lib\app\data\models\midia_model.g.dart
DA:9,0
DA:10,0
DA:11,0
DA:12,0
DA:13,0
DA:14,0
DA:15,0
DA:16,0
DA:20,0
DA:21,0
DA:22,0
DA:23,0
DA:24,0
DA:25,0
DA:26,0
DA:27,0
LF:16
LH:0
end_of_record
SF:lib\app\domain\entities\midia.dart
DA:12,1
DA:22,0
DA:23,0
LF:3
LH:1
end_of_record
SF:lib\app\data\datasources\movimentacao_api.dart
DA:14,0
DA:20,0
DA:21,0
DA:23,0
DA:27,0
DA:28,0
DA:30,0
DA:32,0
DA:36,0
DA:37,0
DA:39,0
DA:42,0
DA:43,0
DA:44,0
DA:45,0
DA:50,0
DA:51,0
DA:53,0
DA:55,0
DA:56,0
DA:60,0
DA:61,0
DA:63,0
DA:65,0
DA:66,0
LF:25
LH:0
end_of_record
SF:lib\app\data\models\movimentacao_model.dart
DA:9,1
DA:16,1
DA:25,0
DA:26,0
DA:27,0
LF:5
LH:2
end_of_record
SF:lib\app\data\models\movimentacao_model.g.dart
DA:9,0
DA:10,0
DA:11,0
DA:12,0
DA:13,0
DA:14,0
DA:15,0
DA:16,0
DA:20,0
DA:21,0
DA:22,0
DA:23,0
DA:24,0
DA:25,0
DA:26,0
DA:27,0
LF:16
LH:0
end_of_record
SF:lib\app\domain\entities\movimentacao.dart
DA:12,1
DA:22,0
DA:23,0
LF:3
LH:1
end_of_record
SF:lib\app\data\datasources\municipio_api.dart
DA:14,0
DA:20,0
DA:21,0
DA:23,0
DA:27,0
DA:28,0
DA:30,0
DA:32,0
DA:36,0
DA:37,0
DA:39,0
DA:42,0
DA:43,0
DA:44,0
DA:45,0
DA:50,0
DA:51,0
DA:53,0
DA:55,0
DA:56,0
DA:60,0
DA:61,0
DA:63,0
DA:65,0
DA:66,0
LF:25
LH:0
end_of_record
SF:lib\app\data\models\municipio_model.dart
DA:9,1
DA:16,1
DA:25,0
DA:26,0
DA:27,0
LF:5
LH:2
end_of_record
SF:lib\app\data\models\municipio_model.g.dart
DA:9,0
DA:10,0
DA:11,0
DA:12,0
DA:13,0
DA:14,0
DA:15,0
DA:16,0
DA:20,0
DA:21,0
DA:22,0
DA:23,0
DA:24,0
DA:25,0
DA:26,0
DA:27,0
LF:16
LH:0
end_of_record
SF:lib\app\domain\entities\municipio.dart
DA:12,1
DA:22,0
DA:23,0
LF:3
LH:1
end_of_record
SF:lib\app\data\datasources\pagador_api.dart
DA:14,0
DA:20,0
DA:21,0
DA:23,0
DA:27,0
DA:28,0
DA:30,0
DA:32,0
DA:36,0
DA:37,0
DA:39,0
DA:42,0
DA:43,0
DA:44,0
DA:45,0
DA:50,0
DA:51,0
DA:53,0
DA:55,0
DA:56,0
DA:60,0
DA:61,0
DA:63,0
DA:65,0
DA:66,0
LF:25
LH:0
end_of_record
SF:lib\app\data\models\pagador_model.dart
DA:9,1
DA:20,1
DA:32,0
DA:33,0
DA:34,0
LF:5
LH:2
end_of_record
SF:lib\app\data\models\pagador_model.g.dart
DA:9,0
DA:10,0
DA:11,0
DA:12,0
DA:13,0
DA:14,0
DA:15,0
DA:16,0
DA:17,0
DA:18,0
DA:19,0
DA:20,0
DA:24,0
DA:25,0
DA:26,0
DA:27,0
DA:28,0
DA:29,0
DA:30,0
DA:31,0
DA:32,0
DA:33,0
DA:34,0
DA:35,0
LF:24
LH:0
end_of_record
SF:lib\app\domain\entities\pagador.dart
DA:16,1
DA:30,0
DA:31,0
LF:3
LH:1
end_of_record
SF:lib\app\data\datasources\pagamento_api.dart
DA:14,0
DA:20,0
DA:21,0
DA:23,0
DA:27,0
DA:28,0
DA:30,0
DA:32,0
DA:36,0
DA:37,0
DA:39,0
DA:42,0
DA:43,0
DA:44,0
DA:45,0
DA:50,0
DA:51,0
DA:53,0
DA:55,0
DA:56,0
DA:60,0
DA:61,0
DA:63,0
DA:65,0
DA:66,0
LF:25
LH:0
end_of_record
SF:lib\app\data\models\pagamento_model.dart
DA:9,1
DA:15,1
DA:22,0
DA:23,0
DA:24,0
LF:5
LH:2
end_of_record
SF:lib\app\data\models\pagamento_model.g.dart
DA:9,0
DA:10,0
DA:11,0
DA:12,0
DA:13,0
DA:14,0
DA:15,0
DA:19,0
DA:20,0
DA:21,0
DA:22,0
DA:23,0
DA:24,0
DA:25,0
LF:14
LH:0
end_of_record
SF:lib\app\domain\entities\pagamento.dart
DA:11,1
DA:20,0
DA:21,0
LF:3
LH:1
end_of_record
SF:lib\app\data\datasources\pagamento_patrimonio_api.dart
DA:14,0
DA:20,0
DA:21,0
DA:23,0
DA:27,0
DA:28,0
DA:30,0
DA:32,0
DA:36,0
DA:37,0
DA:39,0
DA:42,0
DA:43,0
DA:44,0
DA:45,0
DA:50,0
DA:51,0
DA:53,0
DA:55,0
DA:56,0
DA:60,0
DA:61,0
DA:63,0
DA:65,0
DA:66,0
LF:25
LH:0
end_of_record
SF:lib\app\data\models\pagamento_patrimonio_model.dart
DA:9,1
DA:14,1
DA:21,0
DA:22,0
DA:23,0
LF:5
LH:2
end_of_record
SF:lib\app\data\models\pagamento_patrimonio_model.g.dart
DA:9,0
DA:11,0
DA:12,0
DA:13,0
DA:14,0
DA:15,0
DA:19,0
DA:21,0
DA:22,0
DA:23,0
DA:24,0
DA:25,0
LF:12
LH:0
end_of_record
SF:lib\app\domain\entities\pagamento_patrimonio.dart
DA:10,1
DA:18,0
DA:19,0
LF:3
LH:1
end_of_record
SF:lib\app\data\datasources\patrimonio_api.dart
DA:14,0
DA:20,0
DA:21,0
DA:23,0
DA:27,0
DA:28,0
DA:30,0
DA:32,0
DA:36,0
DA:37,0
DA:39,0
DA:42,0
DA:43,0
DA:44,0
DA:45,0
DA:50,0
DA:51,0
DA:53,0
DA:55,0
DA:56,0
DA:60,0
DA:61,0
DA:63,0
DA:65,0
DA:66,0
LF:25
LH:0
end_of_record
SF:lib\app\data\models\patrimonio_model.dart
DA:9,1
DA:17,1
DA:27,0
DA:28,0
DA:29,0
LF:5
LH:2
end_of_record
SF:lib\app\data\models\patrimonio_model.g.dart
DA:9,0
DA:10,0
DA:11,0
DA:12,0
DA:13,0
DA:14,0
DA:15,0
DA:16,0
DA:17,0
DA:21,0
DA:22,0
DA:23,0
DA:24,0
DA:25,0
DA:26,0
DA:27,0
DA:28,0
DA:29,0
LF:18
LH:0
end_of_record
SF:lib\app\domain\entities\patrimonio.dart
DA:13,1
DA:24,0
DA:25,0
LF:3
LH:1
end_of_record
SF:lib\app\data\datasources\recebimento_api.dart
DA:14,0
DA:20,0
DA:21,0
DA:23,0
DA:27,0
DA:28,0
DA:30,0
DA:32,0
DA:36,0
DA:37,0
DA:39,0
DA:42,0
DA:43,0
DA:44,0
DA:45,0
DA:50,0
DA:51,0
DA:53,0
DA:55,0
DA:56,0
DA:60,0
DA:61,0
DA:63,0
DA:65,0
DA:66,0
LF:25
LH:0
end_of_record
SF:lib\app\data\models\recebimento_model.dart
DA:9,1
DA:15,1
DA:23,0
DA:24,0
DA:25,0
LF:5
LH:2
end_of_record
SF:lib\app\data\models\recebimento_model.g.dart
DA:9,0
DA:10,0
DA:11,0
DA:12,0
DA:13,0
DA:14,0
DA:15,0
DA:19,0
DA:20,0
DA:21,0
DA:22,0
DA:23,0
DA:24,0
DA:25,0
LF:14
LH:0
end_of_record
SF:lib\app\domain\entities\recebimento.dart
DA:11,1
DA:20,0
DA:21,0
LF:3
LH:1
end_of_record
SF:lib\app\data\datasources\recebimento_patrimonio_api.dart
DA:14,0
DA:20,0
DA:21,0
DA:23,0
DA:27,0
DA:28,0
DA:30,0
DA:32,0
DA:36,0
DA:37,0
DA:39,0
DA:42,0
DA:43,0
DA:44,0
DA:45,0
DA:50,0
DA:51,0
DA:53,0
DA:55,0
DA:56,0
DA:60,0
DA:61,0
DA:63,0
DA:65,0
DA:66,0
LF:25
LH:0
end_of_record
SF:lib\app\data\models\recebimento_patrimonio_model.dart
DA:9,1
DA:14,1
DA:21,0
DA:22,0
DA:23,0
LF:5
LH:2
end_of_record
SF:lib\app\data\models\recebimento_patrimonio_model.g.dart
DA:9,0
DA:11,0
DA:12,0
DA:13,0
DA:14,0
DA:15,0
DA:19,0
DA:21,0
DA:22,0
DA:23,0
DA:24,0
DA:25,0
LF:12
LH:0
end_of_record
SF:lib\app\domain\entities\recebimento_patrimonio.dart
DA:10,1
DA:18,0
DA:19,0
LF:3
LH:1
end_of_record
SF:lib\app\data\datasources\renda_api.dart
DA:14,0
DA:20,0
DA:21,0
DA:23,0
DA:27,0
DA:28,0
DA:30,0
DA:32,0
DA:36,0
DA:37,0
DA:39,0
DA:42,0
DA:43,0
DA:44,0
DA:45,0
DA:50,0
DA:51,0
DA:53,0
DA:55,0
DA:56,0
DA:60,0
DA:61,0
DA:63,0
DA:65,0
DA:66,0
LF:25
LH:0
end_of_record
SF:lib\app\data\models\renda_model.dart
DA:9,1
DA:20,1
DA:33,0
DA:34,0
DA:35,0
LF:5
LH:2
end_of_record
SF:lib\app\data\models\renda_model.g.dart
DA:9,0
DA:10,0
DA:11,0
DA:12,0
DA:13,0
DA:14,0
DA:15,0
DA:16,0
DA:17,0
DA:18,0
DA:19,0
DA:20,0
DA:24,0
DA:25,0
DA:26,0
DA:27,0
DA:28,0
DA:29,0
DA:30,0
DA:31,0
DA:32,0
DA:33,0
DA:34,0
DA:35,0
LF:24
LH:0
end_of_record
SF:lib\app\domain\entities\renda.dart
DA:16,1
DA:30,0
DA:31,0
LF:3
LH:1
end_of_record
SF:lib\app\data\datasources\socio_api.dart
DA:14,0
DA:20,0
DA:21,0
DA:23,0
DA:27,0
DA:28,0
DA:30,0
DA:32,0
DA:36,0
DA:37,0
DA:39,0
DA:42,0
DA:43,0
DA:44,0
DA:45,0
DA:50,0
DA:51,0
DA:53,0
DA:55,0
DA:56,0
DA:60,0
DA:61,0
DA:63,0
DA:65,0
DA:66,0
LF:25
LH:0
end_of_record
SF:lib\app\data\models\socio_model.dart
DA:9,1
DA:17,1
DA:27,0
DA:28,0
DA:29,0
LF:5
LH:2
end_of_record
SF:lib\app\data\models\socio_model.g.dart
DA:9,0
DA:10,0
DA:11,0
DA:12,0
DA:13,0
DA:14,0
DA:15,0
DA:16,0
DA:17,0
DA:21,0
DA:22,0
DA:23,0
DA:24,0
DA:25,0
DA:26,0
DA:27,0
DA:28,0
DA:29,0
LF:18
LH:0
end_of_record
SF:lib\app\domain\entities\socio.dart
DA:13,1
DA:24,0
DA:25,0
LF:3
LH:1
end_of_record
SF:lib\app\data\datasources\socio_patrimonio_api.dart
DA:14,0
DA:20,0
DA:21,0
DA:23,0
DA:27,0
DA:28,0
DA:30,0
DA:32,0
DA:36,0
DA:37,0
DA:39,0
DA:42,0
DA:43,0
DA:44,0
DA:45,0
DA:50,0
DA:51,0
DA:53,0
DA:55,0
DA:56,0
DA:60,0
DA:61,0
DA:63,0
DA:65,0
DA:66,0
LF:25
LH:0
end_of_record
SF:lib\app\data\models\socio_patrimonio_model.dart
DA:9,1
DA:15,1
DA:22,0
DA:23,0
DA:24,0
LF:5
LH:2
end_of_record
SF:lib\app\data\models\socio_patrimonio_model.g.dart
DA:9,0
DA:10,0
DA:11,0
DA:12,0
DA:13,0
DA:14,0
DA:15,0
DA:19,0
DA:21,0
DA:22,0
DA:23,0
DA:24,0
DA:25,0
DA:26,0
LF:14
LH:0
end_of_record
SF:lib\app\domain\entities\socio_patrimonio.dart
DA:11,1
DA:20,0
DA:21,0
LF:3
LH:1
end_of_record
SF:lib\app\data\datasources\tipo_despesa_api.dart
DA:14,0
DA:20,0
DA:21,0
DA:23,0
DA:27,0
DA:28,0
DA:30,0
DA:32,0
DA:36,0
DA:37,0
DA:39,0
DA:42,0
DA:43,0
DA:44,0
DA:45,0
DA:50,0
DA:51,0
DA:53,0
DA:55,0
DA:56,0
DA:60,0
DA:61,0
DA:63,0
DA:65,0
DA:66,0
LF:25
LH:0
end_of_record
SF:lib\app\data\models\tipo_despesa_model.dart
DA:9,1
DA:12,1
DA:17,0
DA:18,0
DA:19,0
LF:5
LH:2
end_of_record
SF:lib\app\data\models\tipo_despesa_model.g.dart
DA:9,0
DA:10,0
DA:11,0
DA:12,0
DA:16,0
DA:17,0
DA:18,0
DA:19,0
LF:8
LH:0
end_of_record
SF:lib\app\domain\entities\tipo_despesa.dart
DA:8,1
DA:14,0
DA:15,0
LF:3
LH:1
end_of_record
SF:lib\app\data\datasources\tipo_patrimonio_api.dart
DA:14,0
DA:20,0
DA:21,0
DA:23,0
DA:27,0
DA:28,0
DA:30,0
DA:32,0
DA:36,0
DA:37,0
DA:39,0
DA:42,0
DA:43,0
DA:44,0
DA:45,0
DA:50,0
DA:51,0
DA:53,0
DA:55,0
DA:56,0
DA:60,0
DA:61,0
DA:63,0
DA:65,0
DA:66,0
LF:25
LH:0
end_of_record
SF:lib\app\data\models\tipo_patrimonio_model.dart
DA:9,1
DA:12,1
DA:17,0
DA:18,0
DA:19,0
LF:5
LH:2
end_of_record
SF:lib\app\data\models\tipo_patrimonio_model.g.dart
DA:9,0
DA:10,0
DA:11,0
DA:12,0
DA:16,0
DA:18,0
DA:19,0
DA:20,0
LF:8
LH:0
end_of_record
SF:lib\app\domain\entities\tipo_patrimonio.dart
DA:8,1
DA:14,0
DA:15,0
LF:3
LH:1
end_of_record
SF:lib\app\data\datasources\tipo_renda_api.dart
DA:14,0
DA:20,0
DA:21,0
DA:23,0
DA:27,0
DA:28,0
DA:30,0
DA:32,0
DA:36,0
DA:37,0
DA:39,0
DA:42,0
DA:43,0
DA:44,0
DA:45,0
DA:50,0
DA:51,0
DA:53,0
DA:55,0
DA:56,0
DA:60,0
DA:61,0
DA:63,0
DA:65,0
DA:66,0
LF:25
LH:0
end_of_record
SF:lib\app\data\models\tipo_renda_model.dart
DA:9,1
DA:12,1
DA:17,0
DA:18,0
DA:19,0
LF:5
LH:2
end_of_record
SF:lib\app\data\models\tipo_renda_model.g.dart
DA:9,0
DA:10,0
DA:11,0
DA:12,0
DA:16,0
DA:17,0
DA:18,0
DA:19,0
LF:8
LH:0
end_of_record
SF:lib\app\domain\entities\tipo_renda.dart
DA:8,1
DA:14,0
DA:15,0
LF:3
LH:1
end_of_record
SF:lib\core\network\connectivity_adapter.dart
DA:10,1
DA:11,2
LF:2
LH:2
end_of_record
SF:lib\main.dart
DA:3,0
DA:4,0
DA:9,1
DA:11,1
DA:13,1
DA:27,1
DA:29,1
DA:35,2
DA:48,1
DA:49,1
DA:55,1
DA:56,2
DA:62,2
DA:66,1
DA:74,1
DA:75,1
DA:78,3
DA:80,1
DA:83,1
DA:99,1
DA:100,1
DA:103,1
DA:104,2
DA:105,3
DA:110,1
DA:111,1
DA:113,1
LF:27
LH:25
end_of_record
